<?xml version="1.0" encoding="UTF-8"?>
<testng-results skipped="0" failed="0" ignored="0" total="1" passed="1">
  <reporter-output>
  </reporter-output>
  <suite name="Suite" duration-ms="22449" started-at="2020-04-22T09:55:09Z" finished-at="2020-04-22T09:55:31Z">
    <groups>
    </groups>
    <test name="Test" duration-ms="22449" started-at="2020-04-22T09:55:09Z" finished-at="2020-04-22T09:55:31Z">
      <class name="demo1.Demo1.fsssdd">
        <test-method status="PASS" signature="Script1()[pri:0, instance:demo1.Demo1.fsssdd@57829d67]" name="Script1" duration-ms="22420" started-at="2020-04-22T15:25:09Z" finished-at="2020-04-22T15:25:31Z">
          <reporter-output>
          </reporter-output>
        </test-method> <!-- Script1 -->
      </class> <!-- demo1.Demo1.fsssdd -->
    </test> <!-- Test -->
  </suite> <!-- Suite -->
</testng-results>
